[DEBUG] 2024-04-02 21:13:25.171 [main] PackageRelationshipCollection - Parsing relationship: /xl/_rels/workbook.xml.rels
[DEBUG] 2024-04-02 21:13:25.198 [main] PackageRelationshipCollection - Parsing relationship: /xl/worksheets/_rels/sheet1.xml.rels
[DEBUG] 2024-04-02 21:13:25.209 [main] PackageRelationshipCollection - Parsing relationship: /_rels/.rels
[DEBUG] 2024-04-02 21:13:27.849 [main] POIXMLFactory - using default POIXMLDocumentPart for http://schemas.openxmlformats.org/officeDocument/2006/relationships/printerSettings
[DEBUG] 2024-04-02 21:13:28.349 [main] PackageRelationshipCollection - Parsing relationship: /xl/_rels/workbook.xml.rels
[DEBUG] 2024-04-02 21:13:28.359 [main] PackageRelationshipCollection - Parsing relationship: /xl/worksheets/_rels/sheet1.xml.rels
[DEBUG] 2024-04-02 21:13:28.364 [main] PackageRelationshipCollection - Parsing relationship: /_rels/.rels
[DEBUG] 2024-04-02 21:13:28.476 [main] POIXMLFactory - using default POIXMLDocumentPart for http://schemas.openxmlformats.org/officeDocument/2006/relationships/printerSettings
[DEBUG] 2024-04-02 21:13:28.745 [main] PackageRelationshipCollection - Parsing relationship: /xl/_rels/workbook.xml.rels
[DEBUG] 2024-04-02 21:13:28.751 [main] PackageRelationshipCollection - Parsing relationship: /xl/worksheets/_rels/sheet1.xml.rels
[DEBUG] 2024-04-02 21:13:28.756 [main] PackageRelationshipCollection - Parsing relationship: /_rels/.rels
[DEBUG] 2024-04-02 21:13:28.848 [main] POIXMLFactory - using default POIXMLDocumentPart for http://schemas.openxmlformats.org/officeDocument/2006/relationships/printerSettings
[DEBUG] 2024-04-02 21:13:28.944 [main] PackageRelationshipCollection - Parsing relationship: /xl/_rels/workbook.xml.rels
[DEBUG] 2024-04-02 21:13:28.947 [main] PackageRelationshipCollection - Parsing relationship: /xl/worksheets/_rels/sheet1.xml.rels
[DEBUG] 2024-04-02 21:13:28.949 [main] PackageRelationshipCollection - Parsing relationship: /_rels/.rels
[DEBUG] 2024-04-02 21:13:29.146 [main] POIXMLFactory - using default POIXMLDocumentPart for http://schemas.openxmlformats.org/officeDocument/2006/relationships/printerSettings
[DEBUG] 2024-04-02 21:13:29.302 [main] PackageRelationshipCollection - Parsing relationship: /xl/_rels/workbook.xml.rels
[DEBUG] 2024-04-02 21:13:29.307 [main] PackageRelationshipCollection - Parsing relationship: /xl/worksheets/_rels/sheet1.xml.rels
[DEBUG] 2024-04-02 21:13:29.309 [main] PackageRelationshipCollection - Parsing relationship: /_rels/.rels
[DEBUG] 2024-04-02 21:13:29.398 [main] POIXMLFactory - using default POIXMLDocumentPart for http://schemas.openxmlformats.org/officeDocument/2006/relationships/printerSettings
[DEBUG] 2024-04-02 21:13:29.718 [main] PackageRelationshipCollection - Parsing relationship: /xl/_rels/workbook.xml.rels
[DEBUG] 2024-04-02 21:13:29.721 [main] PackageRelationshipCollection - Parsing relationship: /xl/worksheets/_rels/sheet1.xml.rels
[DEBUG] 2024-04-02 21:13:29.723 [main] PackageRelationshipCollection - Parsing relationship: /_rels/.rels
[DEBUG] 2024-04-02 21:13:29.772 [main] POIXMLFactory - using default POIXMLDocumentPart for http://schemas.openxmlformats.org/officeDocument/2006/relationships/printerSettings
[DEBUG] 2024-04-02 21:13:30.019 [main] PackageRelationshipCollection - Parsing relationship: /xl/_rels/workbook.xml.rels
[DEBUG] 2024-04-02 21:13:30.025 [main] PackageRelationshipCollection - Parsing relationship: /xl/worksheets/_rels/sheet1.xml.rels
[DEBUG] 2024-04-02 21:13:30.028 [main] PackageRelationshipCollection - Parsing relationship: /_rels/.rels
[DEBUG] 2024-04-02 21:13:30.089 [main] POIXMLFactory - using default POIXMLDocumentPart for http://schemas.openxmlformats.org/officeDocument/2006/relationships/printerSettings
[DEBUG] 2024-04-02 21:13:30.196 [main] PackageRelationshipCollection - Parsing relationship: /xl/_rels/workbook.xml.rels
[DEBUG] 2024-04-02 21:13:30.198 [main] PackageRelationshipCollection - Parsing relationship: /xl/worksheets/_rels/sheet1.xml.rels
[DEBUG] 2024-04-02 21:13:30.203 [main] PackageRelationshipCollection - Parsing relationship: /_rels/.rels
[DEBUG] 2024-04-02 21:13:30.354 [main] POIXMLFactory - using default POIXMLDocumentPart for http://schemas.openxmlformats.org/officeDocument/2006/relationships/printerSettings
[DEBUG] 2024-04-02 21:13:30.445 [main] PackageRelationshipCollection - Parsing relationship: /xl/_rels/workbook.xml.rels
[DEBUG] 2024-04-02 21:13:30.461 [main] PackageRelationshipCollection - Parsing relationship: /xl/worksheets/_rels/sheet1.xml.rels
[DEBUG] 2024-04-02 21:13:30.463 [main] PackageRelationshipCollection - Parsing relationship: /_rels/.rels
[DEBUG] 2024-04-02 21:13:30.715 [main] POIXMLFactory - using default POIXMLDocumentPart for http://schemas.openxmlformats.org/officeDocument/2006/relationships/printerSettings
[DEBUG] 2024-04-02 21:13:30.930 [main] PackageRelationshipCollection - Parsing relationship: /xl/_rels/workbook.xml.rels
[DEBUG] 2024-04-02 21:13:30.939 [main] PackageRelationshipCollection - Parsing relationship: /xl/worksheets/_rels/sheet1.xml.rels
[DEBUG] 2024-04-02 21:13:30.942 [main] PackageRelationshipCollection - Parsing relationship: /_rels/.rels
[DEBUG] 2024-04-02 21:13:31.027 [main] POIXMLFactory - using default POIXMLDocumentPart for http://schemas.openxmlformats.org/officeDocument/2006/relationships/printerSettings
[DEBUG] 2024-04-02 21:13:31.246 [main] PackageRelationshipCollection - Parsing relationship: /xl/_rels/workbook.xml.rels
[DEBUG] 2024-04-02 21:13:31.253 [main] PackageRelationshipCollection - Parsing relationship: /xl/worksheets/_rels/sheet1.xml.rels
[DEBUG] 2024-04-02 21:13:31.257 [main] PackageRelationshipCollection - Parsing relationship: /_rels/.rels
[DEBUG] 2024-04-02 21:13:31.386 [main] POIXMLFactory - using default POIXMLDocumentPart for http://schemas.openxmlformats.org/officeDocument/2006/relationships/printerSettings
[INFO ] 2024-04-02 21:13:31.779 [main] User - Response validation started
[INFO ] 2024-04-02 21:13:47.240 [main] User - Response validation started
[DEBUG] 2024-04-03 15:34:14.935 [main] PackageRelationshipCollection - Parsing relationship: /xl/_rels/workbook.xml.rels
[DEBUG] 2024-04-03 15:34:14.953 [main] PackageRelationshipCollection - Parsing relationship: /xl/worksheets/_rels/sheet1.xml.rels
[DEBUG] 2024-04-03 15:34:14.958 [main] PackageRelationshipCollection - Parsing relationship: /_rels/.rels
[DEBUG] 2024-04-03 15:34:16.743 [main] POIXMLFactory - using default POIXMLDocumentPart for http://schemas.openxmlformats.org/officeDocument/2006/relationships/printerSettings
[DEBUG] 2024-04-03 15:34:17.245 [main] PackageRelationshipCollection - Parsing relationship: /xl/_rels/workbook.xml.rels
[DEBUG] 2024-04-03 15:34:17.248 [main] PackageRelationshipCollection - Parsing relationship: /xl/worksheets/_rels/sheet1.xml.rels
[DEBUG] 2024-04-03 15:34:17.252 [main] PackageRelationshipCollection - Parsing relationship: /_rels/.rels
[DEBUG] 2024-04-03 15:34:17.338 [main] POIXMLFactory - using default POIXMLDocumentPart for http://schemas.openxmlformats.org/officeDocument/2006/relationships/printerSettings
[INFO ] 2024-04-03 15:34:26.768 [main] User - OTP send successfully
[DEBUG] 2024-04-03 15:42:09.456 [main] PackageRelationshipCollection - Parsing relationship: /xl/_rels/workbook.xml.rels
[DEBUG] 2024-04-03 15:42:09.482 [main] PackageRelationshipCollection - Parsing relationship: /xl/worksheets/_rels/sheet1.xml.rels
[DEBUG] 2024-04-03 15:42:09.485 [main] PackageRelationshipCollection - Parsing relationship: /_rels/.rels
[DEBUG] 2024-04-03 15:42:11.228 [main] POIXMLFactory - using default POIXMLDocumentPart for http://schemas.openxmlformats.org/officeDocument/2006/relationships/printerSettings
[DEBUG] 2024-04-03 15:42:11.720 [main] PackageRelationshipCollection - Parsing relationship: /xl/_rels/workbook.xml.rels
[DEBUG] 2024-04-03 15:42:11.722 [main] PackageRelationshipCollection - Parsing relationship: /xl/worksheets/_rels/sheet1.xml.rels
[DEBUG] 2024-04-03 15:42:11.728 [main] PackageRelationshipCollection - Parsing relationship: /_rels/.rels
[DEBUG] 2024-04-03 15:42:11.813 [main] POIXMLFactory - using default POIXMLDocumentPart for http://schemas.openxmlformats.org/officeDocument/2006/relationships/printerSettings
[INFO ] 2024-04-03 15:42:24.203 [main] User - OTP send successfully
[DEBUG] 2024-04-03 16:33:51.313 [main] PackageRelationshipCollection - Parsing relationship: /xl/_rels/workbook.xml.rels
[DEBUG] 2024-04-03 16:33:51.422 [main] PackageRelationshipCollection - Parsing relationship: /xl/worksheets/_rels/sheet1.xml.rels
[DEBUG] 2024-04-03 16:33:51.425 [main] PackageRelationshipCollection - Parsing relationship: /_rels/.rels
[DEBUG] 2024-04-03 16:33:54.623 [main] POIXMLFactory - using default POIXMLDocumentPart for http://schemas.openxmlformats.org/officeDocument/2006/relationships/printerSettings
[DEBUG] 2024-04-03 16:33:55.265 [main] PackageRelationshipCollection - Parsing relationship: /xl/_rels/workbook.xml.rels
[DEBUG] 2024-04-03 16:33:55.270 [main] PackageRelationshipCollection - Parsing relationship: /xl/worksheets/_rels/sheet1.xml.rels
[DEBUG] 2024-04-03 16:33:55.276 [main] PackageRelationshipCollection - Parsing relationship: /_rels/.rels
[DEBUG] 2024-04-03 16:33:55.348 [main] POIXMLFactory - using default POIXMLDocumentPart for http://schemas.openxmlformats.org/officeDocument/2006/relationships/printerSettings
[INFO ] 2024-04-03 16:34:08.835 [main] HomeLyf_Services_Project - OTP send successfully
[INFO ] 2024-04-03 16:34:08.835 [main] HomeLyf_Services_Project - OTP send successfully
[INFO ] 2024-04-03 16:35:15.106 [main] HomeLyf_Services_Project - OTP send successfully
[INFO ] 2024-04-03 16:36:10.002 [main] HomeLyf_Services_Project - OTP send successfully
