[INFO ] 2024-07-24 12:44:13.455 [main] User - Starting userLogin test...
[INFO ] 2024-07-24 12:44:16.362 [main] User - User logged in successfully
[INFO ] 2024-07-24 12:44:16.368 [main] User - Getting Customer profile
[INFO ] 2024-07-24 12:44:17.381 [main] User - Customer profile shown successfully
[INFO ] 2024-07-24 12:44:17.384 [main] User - Getting category
[INFO ] 2024-07-24 12:44:17.385 [main] LookUp - Getting PostCode from LookUp
[INFO ] 2024-07-24 12:44:18.437 [main] LookUp - PostCode fetched successfully
[INFO ] 2024-07-24 12:44:18.437 [main] LookUp - Getting category
[INFO ] 2024-07-24 12:44:19.418 [main] LookUp - Category fetched successfully
[INFO ] 2024-07-24 12:44:20.082 [main] User - Category fetched successfully
[INFO ] 2024-07-24 12:44:20.708 [main] User - SubCategory Fetched Successfully
[INFO ] 2024-07-24 12:44:20.711 [main] User - Starting customer_service...
[INFO ] 2024-07-24 12:44:21.691 [main] User - customer_service subcategory is shown successfully
[INFO ] 2024-07-24 12:44:21.693 [main] User - Starting customer_service...
[INFO ] 2024-07-24 12:44:22.686 [main] User - customer_service subcategory is shown successfully
[INFO ] 2024-07-24 12:44:22.688 [main] User - Creating new Booking
[INFO ] 2024-07-24 12:44:23.413 [main] User - New booking created successfully
[INFO ] 2024-07-24 12:44:23.414 [main] User - Fetching Customer booking
[INFO ] 2024-07-24 12:44:24.067 [main] User - Customer booking shown successfully of StatusNew
[INFO ] 2024-07-24 12:44:26.323 [main] User - Booking is got by id 10981
[INFO ] 2024-07-24 12:44:26.941 [main] User - Vendor start login
[INFO ] 2024-07-24 12:44:27.949 [main] User - Vendor logged in successfully
[INFO ] 2024-07-24 12:44:27.949 [main] User - Getting Vendor Available Timeslot
[INFO ] 2024-07-24 12:44:28.611 [main] User - list of vendor TimeSlot displayed with startTime 2024-07-24T14:30:00Z endTime 2024-07-24T15:00:00Z
[INFO ] 2024-07-24 12:44:28.611 [main] User - Vendor disabling Timeslot
[INFO ] 2024-07-24 12:44:29.276 [main] User - DisableTimeSlot:startTime 2024-07-24T14:30:00Z endTime  2024-07-24T15:00:00Z id 687
[INFO ] 2024-07-24 12:44:29.276 [main] User - Customer start login
[INFO ] 2024-07-24 12:44:29.903 [main] User - Customer logged in successfully
[INFO ] 2024-07-24 12:44:29.903 [main] User - Get categoryId
[INFO ] 2024-07-24 12:44:29.903 [main] LookUp - Getting PostCode from LookUp
[INFO ] 2024-07-24 12:44:30.878 [main] LookUp - PostCode fetched successfully
[INFO ] 2024-07-24 12:44:31.846 [main] User - CategoryId fetched successfully 6
[INFO ] 2024-07-24 12:44:32.502 [main] User - Customer profile shown successfully.
[INFO ] 2024-07-24 12:44:32.502 [main] User - Customer available Timeslot
[INFO ] 2024-07-24 12:44:33.138 [main] User - Check whether disable timeslot is available in customer available timeslot:2024-07-24T14:30:00Z
[INFO ] 2024-07-24 12:44:33.142 [main] User - Started verify that customer cannot cancel booking service Started by vendor
[INFO ] 2024-07-24 12:44:33.142 [main] User - Started Customer Login test.
[INFO ] 2024-07-24 12:44:33.774 [main] User - Customer logged in successfully.
[INFO ] 2024-07-24 12:44:33.775 [main] User - Getting Customer profile.
[INFO ] 2024-07-24 12:44:34.364 [main] User - Customer profile shown successfully.
[INFO ] 2024-07-24 12:44:34.365 [main] User - Getting category.
[INFO ] 2024-07-24 12:44:34.365 [main] LookUp - Getting PostCode from LookUp
[INFO ] 2024-07-24 12:44:35.002 [main] LookUp - PostCode fetched successfully
[INFO ] 2024-07-24 12:44:35.002 [main] LookUp - Getting category
[INFO ] 2024-07-24 12:44:35.645 [main] LookUp - Category fetched successfully
[INFO ] 2024-07-24 12:44:36.291 [main] User - Carpentry Category selected successfully.
[INFO ] 2024-07-24 12:44:36.297 [main] User - Getting subcategory.
[INFO ] 2024-07-24 12:44:37.246 [main] User - SubCategory is shown Successfully.
[INFO ] 2024-07-24 12:44:37.246 [main] User - Getting services.
[INFO ] 2024-07-24 12:44:38.189 [main] User - On-site Consultation for New Furniture Service selected successfully.
[INFO ] 2024-07-24 12:44:38.196 [main] User - Getting timeslot for category = Carpentry and Service name is = On-site Consultation for New Furniture
[INFO ] 2024-07-24 12:44:39.182 [main] User - Category timeslot Start Time: 2024-07-24T15:30:00Z	End Time: 2024-07-24T16:00:00Z successfully.
[INFO ] 2024-07-24 12:44:39.183 [main] User - Started creating new Booking.
[INFO ] 2024-07-24 12:44:39.879 [main] User - New booking created successfully and Booking id is 10982
[INFO ] 2024-07-24 12:44:39.880 [main] User - Started Vendor Login test.
[INFO ] 2024-07-24 12:44:40.505 [main] User - Vendor logged in successfully.
[INFO ] 2024-07-24 12:44:40.505 [main] User - Getting vendor timeslots.
[INFO ] 2024-07-24 12:44:41.128 [main] User - Vendor timeslots are shown successfully.
[INFO ] 2024-07-24 12:44:41.129 [main] User - Started vendor accepting booking of Booking id = 10982
[INFO ] 2024-07-24 12:44:42.152 [main] User - Vendor accepted booking id of 10982 successfully
[INFO ] 2024-07-24 12:44:42.152 [main] User - Started customer get booking by id =10982
[INFO ] 2024-07-24 12:44:42.795 [main] User - Customer get OTP 1784 of booking id = 10982
[INFO ] 2024-07-24 12:44:42.795 [main] User - Started customer start booking
[INFO ] 2024-07-24 12:44:43.747 [main] User - Customer service is started by entering Booking id = 10982 and Start OTP = 1784
[INFO ] 2024-07-24 12:44:43.747 [main] User - Started customer cancel the booking of id = 10982
[INFO ] 2024-07-24 12:44:44.350 [main] User - Customer can not cancel the service.
[INFO ] 2024-07-24 12:44:44.352 [main] User - Customer cannot cancel booking of id 10982 on started service and response message is io.restassured.path.json.JsonPath@67b20b4c
[INFO ] 2024-07-24 12:44:44.353 [main] User - Started validate that the customer cancels the booking one hour before the scheduled time slot
[INFO ] 2024-07-24 12:44:44.353 [main] User - Started Customer Login test.
[INFO ] 2024-07-24 12:44:44.987 [main] User - Customer logged in successfully.
[INFO ] 2024-07-24 12:44:44.987 [main] User - Getting Customer profile.
[INFO ] 2024-07-24 12:44:45.598 [main] User - Customer profile shown successfully.
[INFO ] 2024-07-24 12:44:45.599 [main] User - Getting category.
[INFO ] 2024-07-24 12:44:45.599 [main] LookUp - Getting PostCode from LookUp
[INFO ] 2024-07-24 12:44:46.243 [main] LookUp - PostCode fetched successfully
[INFO ] 2024-07-24 12:44:46.243 [main] LookUp - Getting category
[INFO ] 2024-07-24 12:44:46.915 [main] LookUp - Category fetched successfully
[INFO ] 2024-07-24 12:44:47.531 [main] User - Carpentry Category selected successfully.
[INFO ] 2024-07-24 12:44:47.538 [main] User - Getting subcategory.
[INFO ] 2024-07-24 12:44:48.127 [main] User - SubCategory is shown Successfully.
[INFO ] 2024-07-24 12:44:48.127 [main] User - Getting services.
[INFO ] 2024-07-24 12:44:48.736 [main] User - On-site Consultation for New Furniture Service selected successfully.
[INFO ] 2024-07-24 12:44:48.743 [main] User - Getting timeslot for category = Carpentry and Service name is = On-site Consultation for New Furniture
[INFO ] 2024-07-24 12:44:49.413 [main] User - Category timeslot Start Time: 2024-07-25T13:30:00Z	End Time: 2024-07-25T14:00:00Z successfully.
[INFO ] 2024-07-24 12:44:49.414 [main] User - Started creating new Booking.
[INFO ] 2024-07-24 12:44:50.476 [main] User - New booking created successfully and Booking id is 10983
[INFO ] 2024-07-24 12:44:50.476 [main] User - Started Vendor Login test.
[INFO ] 2024-07-24 12:44:51.106 [main] User - Vendor logged in successfully.
[INFO ] 2024-07-24 12:44:51.107 [main] User - Started vendor accepting booking of Booking id = 10983
[INFO ] 2024-07-24 12:44:51.836 [main] User - Started customer cancel the booking of id = 10983
[INFO ] 2024-07-24 12:44:52.502 [main] User - Customer can cancel the service.
[INFO ] 2024-07-24 12:44:52.502 [main] User - Customer cancel booking of id 10983 one hour before of scheduled timeslot.
